<?xml version="1.0" encoding="UTF-8"?>
<testng-results ignored="0" total="1" passed="1" failed="0" skipped="0">
  <reporter-output>
  </reporter-output>
  <suite started-at="2023-10-09T22:45:27 IST" name="Default suite" finished-at="2023-10-09T22:46:09 IST" duration-ms="41916">
    <groups>
    </groups>
    <test started-at="2023-10-09T22:45:27 IST" name="Default test" finished-at="2023-10-09T22:46:09 IST" duration-ms="41916">
      <class name="Test.EmpReg">
        <test-method is-config="true" signature="LanchApp()[pri:0, instance:Test.EmpReg@55634720]" started-at="2023-10-09T22:45:20 IST" name="LanchApp" finished-at="2023-10-09T22:45:27 IST" duration-ms="6887" status="PASS">
          <reporter-output>
          </reporter-output>
        </test-method> <!-- LanchApp -->
        <test-method is-config="true" signature="adminLogin()[pri:0, instance:Test.EmpReg@55634720]" started-at="2023-10-09T22:45:27 IST" name="adminLogin" finished-at="2023-10-09T22:45:30 IST" duration-ms="2972" status="PASS">
          <reporter-output>
          </reporter-output>
        </test-method> <!-- adminLogin -->
        <test-method signature="checkEmployeeReg()[pri:0, instance:Test.EmpReg@55634720]" started-at="2023-10-09T22:45:30 IST" name="checkEmployeeReg" finished-at="2023-10-09T22:46:08 IST" duration-ms="37882" status="PASS">
          <reporter-output>
          </reporter-output>
        </test-method> <!-- checkEmployeeReg -->
        <test-method is-config="true" signature="adminLogout()[pri:0, instance:Test.EmpReg@55634720]" started-at="2023-10-09T22:46:08 IST" name="adminLogout" finished-at="2023-10-09T22:46:09 IST" duration-ms="965" status="PASS">
          <reporter-output>
          </reporter-output>
        </test-method> <!-- adminLogout -->
        <test-method is-config="true" signature="CloseApp()[pri:0, instance:Test.EmpReg@55634720]" started-at="2023-10-09T22:46:09 IST" name="CloseApp" finished-at="2023-10-09T22:46:09 IST" duration-ms="317" status="PASS">
          <reporter-output>
          </reporter-output>
        </test-method> <!-- CloseApp -->
      </class> <!-- Test.EmpReg -->
    </test> <!-- Default test -->
  </suite> <!-- Default suite -->
</testng-results>
